<?xml version="1.0" encoding="UTF-8"?>
<!-- Generated by org.testng.reporters.JUnitXMLReporter -->
<testsuite hostname="LAPTOP-AEUPI2F9" name="Default test" tests="5" failures="0" timestamp="6 Apr 2021 18:10:34 GMT" time="120.897" errors="0">
  <testcase name="test" time="46.323" classname="Appium.practiseassignment.Demo"/>
  <testcase name="test1" time="26.417" classname="Appium.practiseassignment.Demo"/>
  <testcase name="test2" time="19.152" classname="Appium.practiseassignment.Demo"/>
  <testcase name="test3" time="4.826" classname="Appium.practiseassignment.Demo"/>
  <testcase name="test4" time="21.14" classname="Appium.practiseassignment.Demo"/>
</testsuite> <!-- Default test -->
